<?xml version="1.0" encoding="UTF-8"?>
<testsuite xmlns:xsi="http://www.w3.org/2001/XMLSchema-instance" xsi:noNamespaceSchemaLocation="https://maven.apache.org/surefire/maven-surefire-plugin/xsd/surefire-test-report.xsd" name="com.mycompany.service.SnackServiceTest" time="0.02" tests="7" errors="0" skipped="0" failures="0">
  <properties>
[...]
</properties>
  <testcase name="testPurchaseOutOfStockQuantityOne" classname="com.mycompany.service.SnackServiceTest" time="0.002"/>
  <testcase name="testPurchaseOutOfStockQuantityTen" classname="com.mycompany.service.SnackServiceTest" time="0"/>
  <testcase name="testPurchase" classname="com.mycompany.service.SnackServiceTest" time="0.004"/>
  <testcase name="testPurchaseIllegalArgs" classname="com.mycompany.service.SnackServiceTest" time="0.001"/>
  <testcase name="testPurchaseInsufficientFundsQuantityOne" classname="com.mycompany.service.SnackServiceTest" time="0.001"/>
  <testcase name="testPurchaseInsufficientFundsQuantityTen" classname="com.mycompany.service.SnackServiceTest" time="0.001"/>
  <testcase name="testPurchaseNotFound" classname="com.mycompany.service.SnackServiceTest" time="0.001"/>
</testsuite>